<?xml version="1.0" encoding="UTF-8"?>
<!-- Generated by org.testng.reporters.JUnitReportReporter -->
<testsuite hostname="DESKTOP-K8OENUN" failures="0" tests="1" name="Automation1.Class2TestNG" time="0.008" errors="0" timestamp="17 Jun 2020 17:45:34 GMT">
  <testcase classname="Automation1.Class2TestNG" name="browser" time="0.008"/>
</testsuite> <!-- Automation1.Class2TestNG -->
