<?xml version="1.0" encoding="UTF-8"?>
<!-- Generated by org.testng.reporters.JUnitReportReporter -->
<testsuite hostname="DESKTOP-K8OENUN" failures="0" tests="1" name="Automation1.ABCD1" time="0.012" errors="0" timestamp="5 Jun 2020 12:06:52 GMT">
  <testcase classname="Automation1.ABCD1" name="f" time="0.012"/>
</testsuite> <!-- Automation1.ABCD1 -->
