<?xml version="1.0" encoding="UTF-8"?>
<!-- Generated by org.testng.reporters.JUnitReportReporter -->
<testsuite hostname="DESKTOP-K8OENUN" failures="0" tests="1" name="Automation1.Class4TestNG" time="0.001" errors="0" timestamp="11 Jun 2020 12:52:47 GMT">
  <testcase classname="Automation1.Class4TestNG" name="BikeLoan" time="0.001"/>
</testsuite> <!-- Automation1.Class4TestNG -->
