<?xml version="1.0" encoding="UTF-8"?>
<!-- Generated by org.testng.reporters.JUnitReportReporter -->
<testsuite hostname="DESKTOP-K8OENUN" failures="0" tests="1" name="Automation1.ProjectShopping1" time="79.065" errors="0" timestamp="17 Jun 2020 07:02:38 GMT">
  <testcase classname="Automation1.ProjectShopping1" name="Addtocard" time="79.065"/>
</testsuite> <!-- Automation1.ProjectShopping1 -->
