<?xml version="1.0" encoding="UTF-8"?>
<!-- Generated by org.testng.reporters.JUnitReportReporter -->
<testsuite hostname="DESKTOP-K8OENUN" failures="0" tests="1" name="Automation1.Class1TestNG" time="10.715" errors="0" timestamp="10 Jun 2020 07:53:23 GMT">
  <testcase classname="Automation1.Class1TestNG" name="login" time="10.715"/>
</testsuite> <!-- Automation1.Class1TestNG -->
