<?xml version="1.0" encoding="UTF-8"?>
<!-- Generated by org.testng.reporters.JUnitReportReporter -->
<testsuite hostname="DESKTOP-K8OENUN" failures="0" tests="1" name="Automation1.NewTest" time="0.028" errors="0" timestamp="6 Jun 2020 06:43:43 GMT">
  <testcase classname="Automation1.NewTest" name="Demo" time="0.028"/>
</testsuite> <!-- Automation1.NewTest -->
